# JRE version: OpenJDK Runtime Environment (8.0_152-b06) (build 1.8.0_152-release-1136-b06)
# Java VM: OpenJDK 64-Bit Server VM (25.152-b06 mixed mode windows-amd64 compressed oops)
Heap:
 PSYoungGen      total 450560K, used 16200K [0x00000000e0000000, 0x00000000ffb80000, 0x0000000100000000)
  eden space 382464K, 1% used [0x00000000e0000000,0x00000000e05b20f8,0x00000000f7580000)
  from space 68096K, 15% used [0x00000000fb900000,0x00000000fc3201c8,0x00000000ffb80000)
  to   space 68608K, 0% used [0x00000000f7580000,0x00000000f7580000,0x00000000fb880000)
 ParOldGen       total 209408K, used 116525K [0x00000000a0000000, 0x00000000acc80000, 0x00000000e0000000)
  object space 209408K, 55% used [0x00000000a0000000,0x00000000a71cb7a0,0x00000000acc80000)
 Metaspace       used 129669K, capacity 134398K, committed 134860K, reserved 1167360K
  class space    used 15669K, capacity 16707K, committed 16844K, reserved 1048576K
GC Heap History (10 events):
Event: 4367.778 GC heap before
{Heap before GC invocations=32 (full 4):
 PSYoungGen      total 386560K, used 385247K [0x00000000e0000000, 0x00000000ffd00000, 0x0000000100000000)
  eden space 369664K, 99% used [0x00000000e0000000,0x00000000f67d5518,0x00000000f6900000)
  from space 16896K, 99% used [0x00000000f6900000,0x00000000f7962760,0x00000000f7980000)
  to   space 75776K, 0% used [0x00000000fb300000,0x00000000fb300000,0x00000000ffd00000)
 ParOldGen       total 209408K, used 105836K [0x00000000a0000000, 0x00000000acc80000, 0x00000000e0000000)
  object space 209408K, 50% used [0x00000000a0000000,0x00000000a675b260,0x00000000acc80000)
 Metaspace       used 111918K, capacity 116060K, committed 117324K, reserved 1150976K
  class space    used 13697K, capacity 14586K, committed 14924K, reserved 1048576K
Event: 4367.801 GC heap after
Heap after GC invocations=32 (full 4):
 PSYoungGen      total 447488K, used 20404K [0x00000000e0000000, 0x0000000100000000, 0x0000000100000000)
  eden space 371712K, 0% used [0x00000000e0000000,0x00000000e0000000,0x00000000f6b00000)
  from space 75776K, 26% used [0x00000000fb300000,0x00000000fc6ed000,0x00000000ffd00000)
  to   space 73728K, 0% used [0x00000000f6b00000,0x00000000f6b00000,0x00000000fb300000)
 ParOldGen       total 209408K, used 108468K [0x00000000a0000000, 0x00000000acc80000, 0x00000000e0000000)
  object space 209408K, 51% used [0x00000000a0000000,0x00000000a69ed350,0x00000000acc80000)
 Metaspace       used 111918K, capacity 116060K, committed 117324K, reserved 1150976K
  class space    used 13697K, capacity 14586K, committed 14924K, reserved 1048576K
}
Event: 4421.627 GC heap before
{Heap before GC invocations=33 (full 4):
 PSYoungGen      total 447488K, used 392116K [0x00000000e0000000, 0x0000000100000000, 0x0000000100000000)
  eden space 371712K, 100% used [0x00000000e0000000,0x00000000f6b00000,0x00000000f6b00000)
  from space 75776K, 26% used [0x00000000fb300000,0x00000000fc6ed000,0x00000000ffd00000)
  to   space 73728K, 0% used [0x00000000f6b00000,0x00000000f6b00000,0x00000000fb300000)
 ParOldGen       total 209408K, used 108468K [0x00000000a0000000, 0x00000000acc80000, 0x00000000e0000000)
  object space 209408K, 51% used [0x00000000a0000000,0x00000000a69ed350,0x00000000acc80000)
 Metaspace       used 117911K, capacity 122328K, committed 123084K, reserved 1157120K
  class space    used 14373K, capacity 15316K, committed 15564K, reserved 1048576K
Event: 4421.645 GC heap after
Heap after GC invocations=33 (full 4):
 PSYoungGen      total 445440K, used 15199K [0x00000000e0000000, 0x00000000ffb00000, 0x0000000100000000)
  eden space 371712K, 0% used [0x00000000e0000000,0x00000000e0000000,0x00000000f6b00000)
  from space 73728K, 20% used [0x00000000f6b00000,0x00000000f79d7f18,0x00000000fb300000)
  to   space 72192K, 0% used [0x00000000fb480000,0x00000000fb480000,0x00000000ffb00000)
 ParOldGen       total 209408K, used 110766K [0x00000000a0000000, 0x00000000acc80000, 0x00000000e0000000)
  object space 209408K, 52% used [0x00000000a0000000,0x00000000a6c2bb28,0x00000000acc80000)
 Metaspace       used 117911K, capacity 122328K, committed 123084K, reserved 1157120K
  class space    used 14373K, capacity 15316K, committed 15564K, reserved 1048576K
}
Event: 4426.331 GC heap before
{Heap before GC invocations=34 (full 4):
 PSYoungGen      total 445440K, used 386153K [0x00000000e0000000, 0x00000000ffb00000, 0x0000000100000000)
  eden space 371712K, 99% used [0x00000000e0000000,0x00000000f6a42728,0x00000000f6b00000)
  from space 73728K, 20% used [0x00000000f6b00000,0x00000000f79d7f18,0x00000000fb300000)
  to   space 72192K, 0% used [0x00000000fb480000,0x00000000fb480000,0x00000000ffb00000)
 ParOldGen       total 209408K, used 110766K [0x00000000a0000000, 0x00000000acc80000, 0x00000000e0000000)
  object space 209408K, 52% used [0x00000000a0000000,0x00000000a6c2bb28,0x00000000acc80000)
 Metaspace       used 123501K, capacity 128006K, committed 128844K, reserved 1161216K
  class space    used 14994K, capacity 15969K, committed 16204K, reserved 1048576K
Event: 4426.343 GC heap after
Heap after GC invocations=34 (full 4):
 PSYoungGen      total 448000K, used 9302K [0x00000000e0000000, 0x00000000ffc80000, 0x0000000100000000)
  eden space 375808K, 0% used [0x00000000e0000000,0x00000000e0000000,0x00000000f6f00000)
  from space 72192K, 12% used [0x00000000fb480000,0x00000000fbd95b58,0x00000000ffb00000)
  to   space 71168K, 0% used [0x00000000f6f00000,0x00000000f6f00000,0x00000000fb480000)
 ParOldGen       total 209408K, used 116509K [0x00000000a0000000, 0x00000000acc80000, 0x00000000e0000000)
  object space 209408K, 55% used [0x00000000a0000000,0x00000000a71c77a0,0x00000000acc80000)
 Metaspace       used 123501K, capacity 128006K, committed 128844K, reserved 1161216K
  class space    used 14994K, capacity 15969K, committed 16204K, reserved 1048576K
}
Event: 7095.888 GC heap before
{Heap before GC invocations=35 (full 4):
 PSYoungGen      total 448000K, used 385110K [0x00000000e0000000, 0x00000000ffc80000, 0x0000000100000000)
  eden space 375808K, 100% used [0x00000000e0000000,0x00000000f6f00000,0x00000000f6f00000)
  from space 72192K, 12% used [0x00000000fb480000,0x00000000fbd95b58,0x00000000ffb00000)
  to   space 71168K, 0% used [0x00000000f6f00000,0x00000000f6f00000,0x00000000fb480000)
 ParOldGen       total 209408K, used 116509K [0x00000000a0000000, 0x00000000acc80000, 0x00000000e0000000)
  object space 209408K, 55% used [0x00000000a0000000,0x00000000a71c77a0,0x00000000acc80000)
 Metaspace       used 123757K, capacity 128252K, committed 128844K, reserved 1161216K
  class space    used 15016K, capacity 16010K, committed 16204K, reserved 1048576K
Event: 7095.969 GC heap after
Heap after GC invocations=35 (full 4):
 PSYoungGen      total 446976K, used 4095K [0x00000000e0000000, 0x00000000ffe00000, 0x0000000100000000)
  eden space 375808K, 0% used [0x00000000e0000000,0x00000000e0000000,0x00000000f6f00000)
  from space 71168K, 5% used [0x00000000f6f00000,0x00000000f72fffe0,0x00000000fb480000)
  to   space 70656K, 0% used [0x00000000fb900000,0x00000000fb900000,0x00000000ffe00000)
 ParOldGen       total 209408K, used 116517K [0x00000000a0000000, 0x00000000acc80000, 0x00000000e0000000)
  object space 209408K, 55% used [0x00000000a0000000,0x00000000a71c97a0,0x00000000acc80000)
 Metaspace       used 123757K, capacity 128252K, committed 128844K, reserved 1161216K
  class space    used 15016K, capacity 16010K, committed 16204K, reserved 1048576K
}
Event: 11446.279 GC heap before
{Heap before GC invocations=36 (full 4):
 PSYoungGen      total 446976K, used 379903K [0x00000000e0000000, 0x00000000ffe00000, 0x0000000100000000)
  eden space 375808K, 100% used [0x00000000e0000000,0x00000000f6f00000,0x00000000f6f00000)
  from space 71168K, 5% used [0x00000000f6f00000,0x00000000f72fffe0,0x00000000fb480000)
  to   space 70656K, 0% used [0x00000000fb900000,0x00000000fb900000,0x00000000ffe00000)
 ParOldGen       total 209408K, used 116517K [0x00000000a0000000, 0x00000000acc80000, 0x00000000e0000000)
  object space 209408K, 55% used [0x00000000a0000000,0x00000000a71c97a0,0x00000000acc80000)
 Metaspace       used 129497K, capacity 134178K, committed 134604K, reserved 1167360K
  class space    used 15640K, capacity 16661K, committed 16844K, reserved 1048576K
Event: 11446.352 GC heap after
Heap after GC invocations=36 (full 4):
 PSYoungGen      total 450560K, used 10368K [0x00000000e0000000, 0x00000000ffb80000, 0x0000000100000000)
  eden space 382464K, 0% used [0x00000000e0000000,0x00000000e0000000,0x00000000f7580000)
  from space 68096K, 15% used [0x00000000fb900000,0x00000000fc3201c8,0x00000000ffb80000)
  to   space 68608K, 0% used [0x00000000f7580000,0x00000000f7580000,0x00000000fb880000)
 ParOldGen       total 209408K, used 116525K [0x00000000a0000000, 0x00000000acc80000, 0x00000000e0000000)
  object space 209408K, 55% used [0x00000000a0000000,0x00000000a71cb7a0,0x00000000acc80000)
 Metaspace       used 129497K, capacity 134178K, committed 134604K, reserved 1167360K
  class space    used 15640K, capacity 16661K, committed 16844K, reserved 1048576K
}

